0 uid 3300296402854382810
1 blob/path b'J3/imported/L17Combine_weight_local.mrc'
2 blob/idx 0
3 blob/shape [320 320]
4 blob/psize_A 1.31
5 blob/sign 1.0
6 ctf/type b'imported'
7 ctf/accel_kv 300.0
8 ctf/cs_mm 2.7
9 ctf/amp_contrast 0.07
10 ctf/df1_A 15301.1
11 ctf/df2_A 14916.4
12 ctf/df_angle_rad 0.092153385
13 ctf/phase_shift_rad 0.0
14 ctf/scale 1.0
15 ctf/scale_const 0.0
16 ctf/cross_corr_ctffind4 0.0
17 ctf/ctf_fit_to_A 0.0
18 ctf/fig_of_merit_gctf 0.0
19 prepare/float_value 0.0
20 alignments3D/split 1
21 alignments3D/shift [2.75 7.85]
22 alignments3D/pose [ 2.1353014 -1.3428906 -0.8660417]
23 alignments3D/psize_A 1.31
24 alignments3D/error 25082.113
25 alignments3D/error_min 25068.746
26 alignments3D/resid_pow 25082.113
27 alignments3D/slice_pow 133.63882
28 alignments3D/image_pow 25300.285
29 alignments3D/cross_cor 351.81055
30 alignments3D/alpha 1.3162737
31 alignments3D/weight 0.0
32 alignments3D/pose_ess 0.0
33 alignments3D/shift_ess 0.0
34 alignments3D/class_posterior 1.0
35 alignments3D/class 0
36 alignments3D/class_ess 1.0
(INFO) (parse_pose_csparc.py) (19-Mar-24 18:15:39) Extracting rotations from alignments3D/pose
(INFO) (parse_pose_csparc.py) (19-Mar-24 18:15:39) Transposing rotation matrix
(INFO) (parse_pose_csparc.py) (19-Mar-24 18:15:39) (131899, 3, 3)
(INFO) (parse_pose_csparc.py) (19-Mar-24 18:15:39) Extracting translations from alignments3D/shift
(INFO) (parse_pose_csparc.py) (19-Mar-24 18:15:39) (131899, 2)
(INFO) (parse_pose_csparc.py) (19-Mar-24 18:15:39) Writing /scratch/network/vyfeng/cryodrgn/vite-drgncommands/poses.pkl
